//本日志文件由 "Tabbar Add-in(1.16.2517) For Visual C++ 6.0" 创建
//项目文件:E:\codes\mfc\tianze\CHAPTER1_2\Empty\Empty.dsp
//如果文件增长的很大请删除除本节之外的其他信息

[MAIN]
nBuildNumber = 10

[Build00000001]
sStartTime = 2010-03-27 09:24:50
sCompileUser = Administrator
nErrors = 0
nWarns = 0
sEndTime = 2010-03-27 09:24:50

[Build00000002]
sStartTime = 2010-03-27 09:30:23
sCompileUser = Administrator
nErrors = 3
nWarns = 0
sEndTime = 2010-03-27 09:30:25

[Build00000003]
sStartTime = 2010-03-27 09:33:09
sCompileUser = Administrator
nErrors = 3
nWarns = 0
sEndTime = 2010-03-27 09:33:09

[Build00000004]
sStartTime = 2010-03-27 09:34:43
sCompileUser = Administrator
nErrors = 0
nWarns = 0
sEndTime = 2010-03-27 09:34:45

[Build00000005]
sStartTime = 2010-03-27 09:35:54
sCompileUser = Administrator
nErrors = 0
nWarns = 0
sEndTime = 2010-03-27 09:35:54

[Build00000006]
sStartTime = 2010-03-27 09:39:34
sCompileUser = Administrator
nErrors = 1
nWarns = 0
sEndTime = 2010-03-27 09:39:35

[Build00000007]
sStartTime = 2010-03-27 09:40:06
sCompileUser = Administrator
nErrors = 1
nWarns = 0
sEndTime = 2010-03-27 09:40:06

[Build00000008]
sStartTime = 2010-03-27 09:40:25
sCompileUser = Administrator
nErrors = 1
nWarns = 0
sEndTime = 2010-03-27 09:40:25

[Build00000009]
sStartTime = 2010-03-27 09:40:45
sCompileUser = Administrator
nErrors = 1
nWarns = 0
sEndTime = 2010-03-27 09:40:45

[Build00000010]
sStartTime = 2010-03-27 09:41:01
sCompileUser = Administrator
nErrors = 0
nWarns = 0
sEndTime = 2010-03-27 09:41:01
