//本日志文件由 "Tabbar Add-in(1.16.2517) For Visual C++ 6.0" 创建
//项目文件:E:\codes\mfc\tianze\chapter3_4\Timer\Timer.dsp
//如果文件增长的很大请删除除本节之外的其他信息

[MAIN]
nBuildNumber = 48

[Build00000001]
sStartTime = 2010-04-04 13:47:51
sCompileUser = Administrator
nErrors = 11
nWarns = 1
sEndTime = 2010-04-04 13:47:52

[Build00000002]
sStartTime = 2010-04-04 13:48:48
sCompileUser = Administrator
nErrors = 11
nWarns = 1
sEndTime = 2010-04-04 13:48:49

[Build00000003]
sStartTime = 2010-04-04 13:49:53
sCompileUser = Administrator
nErrors = 11
nWarns = 1
sEndTime = 2010-04-04 13:49:54

[Build00000004]
sStartTime = 2010-04-04 13:50:16
sCompileUser = Administrator
nErrors = 13
nWarns = 1
sEndTime = 2010-04-04 13:50:16

[Build00000005]
sStartTime = 2010-04-04 13:50:26
sCompileUser = Administrator
nErrors = 14
nWarns = 1
sEndTime = 2010-04-04 13:50:26

[Build00000006]
sStartTime = 2010-04-04 13:50:35
sCompileUser = Administrator
nErrors = 11
nWarns = 1
sEndTime = 2010-04-04 13:50:36

[Build00000007]
sStartTime = 2010-04-04 13:50:42
sCompileUser = Administrator
nErrors = 9
nWarns = 1
sEndTime = 2010-04-04 13:50:42

[Build00000008]
sStartTime = 2010-04-04 13:50:49
sCompileUser = Administrator
nErrors = 0
nWarns = 0
sEndTime = 2010-04-04 13:50:49

[Build00000009]
sStartTime = 2010-04-04 13:51:07
sCompileUser = Administrator
nErrors = 9
nWarns = 1
sEndTime = 2010-04-04 13:51:07

[Build00000010]
sStartTime = 2010-04-04 13:51:17
sCompileUser = Administrator
nErrors = 9
nWarns = 1
sEndTime = 2010-04-04 13:51:17

[Build00000011]
sStartTime = 2010-04-04 13:51:37
sCompileUser = Administrator
nErrors = 0
nWarns = 0
sEndTime = 2010-04-04 13:51:37

[Build00000012]
sStartTime = 2010-04-04 13:51:47
sCompileUser = Administrator
nErrors = 0
nWarns = 0
sEndTime = 2010-04-04 13:51:48

[Build00000013]
sStartTime = 2010-04-04 13:52:14
sCompileUser = Administrator
nErrors = 11
nWarns = 1
sEndTime = 2010-04-04 13:52:14

[Build00000014]
sStartTime = 2010-04-04 13:52:49
sCompileUser = Administrator
nErrors = 0
nWarns = 0
sEndTime = 2010-04-04 13:52:52

[Build00000015]
sStartTime = 2010-04-04 13:53:19
sCompileUser = Administrator
nErrors = 0
nWarns = 0
sEndTime = 2010-04-04 13:53:19

[Build00000016]
sStartTime = 2010-04-04 13:54:22
sCompileUser = Administrator
nErrors = 0
nWarns = 0
sEndTime = 2010-04-04 13:54:22

[Build00000017]
sStartTime = 2010-04-04 13:55:47
sCompileUser = Administrator
nErrors = 0
nWarns = 0
sEndTime = 2010-04-04 13:55:47

[Build00000018]
sStartTime = 2010-04-04 13:56:47
sCompileUser = Administrator
nErrors = 0
nWarns = 0
sEndTime = 2010-04-04 13:56:47

[Build00000019]
sStartTime = 2010-04-04 13:57:16
sCompileUser = Administrator
nErrors = 0
nWarns = 0
sEndTime = 2010-04-04 13:57:16

[Build00000020]
sStartTime = 2010-04-04 13:57:48
sCompileUser = Administrator
nErrors = 0
nWarns = 0
sEndTime = 2010-04-04 13:57:48

[Build00000021]
sStartTime = 2010-04-04 13:58:19
sCompileUser = Administrator
nErrors = 0
nWarns = 0
sEndTime = 2010-04-04 13:58:19

[Build00000022]
sStartTime = 2010-04-04 13:59:18
sCompileUser = Administrator
nErrors = 0
nWarns = 0
sEndTime = 2010-04-04 13:59:18

[Build00000023]
sStartTime = 2010-04-04 14:00:10
sCompileUser = Administrator
nErrors = 0
nWarns = 0
sEndTime = 2010-04-04 14:00:10

[Build00000024]
sStartTime = 2010-04-04 14:01:11
sCompileUser = Administrator
nErrors = 0
nWarns = 0
sEndTime = 2010-04-04 14:01:11

[Build00000025]
sStartTime = 2010-04-04 14:02:31
sCompileUser = Administrator
nErrors = 0
nWarns = 0
sEndTime = 2010-04-04 14:02:31

[Build00000026]
sStartTime = 2010-04-04 14:03:49
sCompileUser = Administrator
nErrors = 0
nWarns = 0
sEndTime = 2010-04-04 14:03:49

[Build00000027]
sStartTime = 2010-04-04 14:05:35
sCompileUser = Administrator
nErrors = 0
nWarns = 0
sEndTime = 2010-04-04 14:05:35

[Build00000028]
sStartTime = 2010-04-04 14:06:02
sCompileUser = Administrator
nErrors = 0
nWarns = 0
sEndTime = 2010-04-04 14:06:02

[Build00000029]
sStartTime = 2010-04-04 14:06:29
sCompileUser = Administrator
nErrors = 0
nWarns = 0
sEndTime = 2010-04-04 14:06:29

[Build00000030]
sStartTime = 2010-04-04 14:07:01
sCompileUser = Administrator
nErrors = 0
nWarns = 0
sEndTime = 2010-04-04 14:07:01

[Build00000031]
sStartTime = 2010-04-04 14:07:31
sCompileUser = Administrator
nErrors = 0
nWarns = 0
sEndTime = 2010-04-04 14:07:31

[Build00000032]
sStartTime = 2010-04-04 14:08:07
sCompileUser = Administrator
nErrors = 0
nWarns = 0
sEndTime = 2010-04-04 14:08:07

[Build00000033]
sStartTime = 2010-04-04 14:08:53
sCompileUser = Administrator
nErrors = 0
nWarns = 0
sEndTime = 2010-04-04 14:08:53

[Build00000034]
sStartTime = 2010-04-04 14:10:16
sCompileUser = Administrator
nErrors = 0
nWarns = 0
sEndTime = 2010-04-04 14:10:16

[Build00000035]
sStartTime = 2010-04-04 15:31:43
sCompileUser = Administrator
nErrors = 15
nWarns = 0
sEndTime = 2010-04-04 15:31:44

[Build00000036]
sStartTime = 2010-04-04 15:33:05
sCompileUser = Administrator
nErrors = 2
nWarns = 3
sEndTime = 2010-04-04 15:33:06

[Build00000037]
sStartTime = 2010-04-04 15:33:12
sCompileUser = Administrator
nErrors = 1
nWarns = 2
sEndTime = 2010-04-04 15:33:12

[Build00000038]
sStartTime = 2010-04-04 15:33:24
sCompileUser = Administrator
nErrors = 5
nWarns = 0
sEndTime = 2010-04-04 15:33:25

[Build00000039]
sStartTime = 2010-04-04 15:35:30
sCompileUser = Administrator
nErrors = 0
nWarns = 0
sEndTime = 2010-04-04 15:35:31

[Build00000040]
sStartTime = 2010-04-04 15:48:17
sCompileUser = Administrator
nErrors = 17
nWarns = 0
sEndTime = 2010-04-04 15:48:18

[Build00000041]
sStartTime = 2010-04-04 15:48:27
sCompileUser = Administrator
nErrors = 17
nWarns = 0
sEndTime = 2010-04-04 15:48:27

[Build00000042]
sStartTime = 2010-04-04 15:48:57
sCompileUser = Administrator
nErrors = 5
nWarns = 0
sEndTime = 2010-04-04 15:48:57

[Build00000043]
sStartTime = 2010-04-04 15:49:13
sCompileUser = Administrator
nErrors = 4
nWarns = 0
sEndTime = 2010-04-04 15:49:13

[Build00000044]
sStartTime = 2010-04-04 15:49:37
sCompileUser = Administrator
nErrors = 1
nWarns = 0
sEndTime = 2010-04-04 15:49:37

[Build00000045]
sStartTime = 2010-04-04 15:50:39
sCompileUser = Administrator
nErrors = 0
nWarns = 0
sEndTime = 2010-04-04 15:50:40

[Build00000046]
sStartTime = 2010-04-04 15:51:23
sCompileUser = Administrator
nErrors = 0
nWarns = 0
sEndTime = 2010-04-04 15:51:23

[Build00000047]
sStartTime = 2010-04-04 15:54:24
sCompileUser = Administrator
nErrors = 0
nWarns = 0
sEndTime = 2010-04-04 15:54:24

[Build00000048]
sStartTime = 2010-04-04 15:56:51
sCompileUser = Administrator
nErrors = 0
nWarns = 0
sEndTime = 2010-04-04 15:56:51
