//本日志文件由 "Tabbar Add-in(1.16.2517) For Visual C++ 6.0" 创建
//项目文件:E:\codes\mfc\tianze\chapter1_3\Modalless\Modalless.dsp
//如果文件增长的很大请删除除本节之外的其他信息

[MAIN]
nBuildNumber = 9

[Build00000001]
sStartTime = 2010-03-28 17:32:34
sCompileUser = Administrator
nErrors = 0
nWarns = 0
sEndTime = 2010-03-28 17:32:35

[Build00000002]
sStartTime = 2010-03-28 17:34:16
sCompileUser = Administrator
nErrors = 0
nWarns = 0
sEndTime = 2010-03-28 17:34:16

[Build00000003]
sStartTime = 2010-03-28 17:34:36
sCompileUser = Administrator
nErrors = 0
nWarns = 0
sEndTime = 2010-03-28 17:34:36

[Build00000004]
sStartTime = 2010-03-28 17:35:15
sCompileUser = Administrator
nErrors = 0
nWarns = 0
sEndTime = 2010-03-28 17:35:15

[Build00000005]
sStartTime = 2010-03-28 17:36:56
sCompileUser = Administrator
nErrors = 0
nWarns = 0
sEndTime = 2010-03-28 17:36:56

[Build00000006]
sStartTime = 2010-03-28 17:40:15
sCompileUser = Administrator
nErrors = 0
nWarns = 0
sEndTime = 2010-03-28 17:40:15

[Build00000007]
sStartTime = 2010-03-28 17:47:06
sCompileUser = Administrator
nErrors = 0
nWarns = 0
sEndTime = 2010-03-28 17:47:06

[Build00000008]
sStartTime = 2010-03-28 17:50:25
sCompileUser = Administrator
nErrors = 0
nWarns = 0
sEndTime = 2010-03-28 17:50:25

[Build00000009]
sStartTime = 2010-03-28 17:51:02
sCompileUser = Administrator
nErrors = 0
nWarns = 0
sEndTime = 2010-03-28 17:51:02
