//本日志文件由 "Tabbar Add-in(1.16.2517) For Visual C++ 6.0" 创建
//项目文件:E:\codes\mfc\tianze\chapter3_5\Startup\Startup.dsp
//如果文件增长的很大请删除除本节之外的其他信息

[MAIN]
nBuildNumber = 16

[Build00000001]
sStartTime = 2010-04-04 18:43:35
sCompileUser = Administrator
nErrors = 0
nWarns = 0
sEndTime = 2010-04-04 18:43:36

[Build00000002]
sStartTime = 2010-04-04 18:44:26
sCompileUser = Administrator
nErrors = 0
nWarns = 0
sEndTime = 2010-04-04 18:44:26

[Build00000003]
sStartTime = 2010-04-04 18:50:08
sCompileUser = Administrator
nErrors = 0
nWarns = 0
sEndTime = 2010-04-04 18:50:08

[Build00000004]
sStartTime = 2010-04-04 18:51:16
sCompileUser = Administrator
nErrors = 0
nWarns = 0
sEndTime = 2010-04-04 18:51:16

[Build00000005]
sStartTime = 2010-04-04 18:51:31
sCompileUser = Administrator
nErrors = 0
nWarns = 0
sEndTime = 2010-04-04 18:51:31

[Build00000006]
sStartTime = 2010-04-04 18:55:03
sCompileUser = Administrator
nErrors = 0
nWarns = 0
sEndTime = 2010-04-04 18:55:04

[Build00000007]
sStartTime = 2010-04-04 18:55:26
sCompileUser = Administrator
nErrors = 0
nWarns = 0
sEndTime = 2010-04-04 18:55:26

[Build00000008]
sStartTime = 2010-04-04 18:55:43
sCompileUser = Administrator
nErrors = 0
nWarns = 0
sEndTime = 2010-04-04 18:55:43

[Build00000009]
sStartTime = 2010-04-04 19:05:43
sCompileUser = Administrator
nErrors = 0
nWarns = 0
sEndTime = 2010-04-04 19:05:44

[Build00000010]
sStartTime = 2010-04-04 19:06:20
sCompileUser = Administrator
nErrors = 0
nWarns = 0
sEndTime = 2010-04-04 19:06:21

[Build00000011]
sStartTime = 2010-04-04 19:07:16
sCompileUser = Administrator
nErrors = 0
nWarns = 0
sEndTime = 2010-04-04 19:07:16

[Build00000012]
sStartTime = 2010-04-04 19:07:37
sCompileUser = Administrator
nErrors = 0
nWarns = 0
sEndTime = 2010-04-04 19:07:37

[Build00000013]
sStartTime = 2010-04-04 19:08:41
sCompileUser = Administrator
nErrors = 0
nWarns = 0
sEndTime = 2010-04-04 19:08:41

[Build00000014]
sStartTime = 2010-04-04 19:09:31
sCompileUser = Administrator
nErrors = 0
nWarns = 0
sEndTime = 2010-04-04 19:09:31

[Build00000015]
sStartTime = 2010-04-04 19:10:33
sCompileUser = Administrator
nErrors = 0
nWarns = 0
sEndTime = 2010-04-04 19:10:33

[Build00000016]
sStartTime = 2010-04-04 19:11:32
sCompileUser = Administrator
nErrors = 0
nWarns = 0
sEndTime = 2010-04-04 19:11:32
