//本日志文件由 "Tabbar Add-in(1.16.2517) For Visual C++ 6.0" 创建
//项目文件:E:\CODES\MFC\TIANZE\CHARPTER1_2\PopSysMenu\PopSysMenu.dsp
//如果文件增长的很大请删除除本节之外的其他信息

[MAIN]
nBuildNumber = 18

[Build00000001]
sStartTime = 2010-03-26 19:10:41
sCompileUser = Administrator
nErrors = 3
nWarns = 0
sEndTime = 2010-03-26 19:10:42

[Build00000002]
sStartTime = 2010-03-26 19:10:50
sCompileUser = Administrator
nErrors = 1
nWarns = 0
sEndTime = 2010-03-26 19:10:50

[Build00000003]
sStartTime = 2010-03-26 19:11:01
sCompileUser = Administrator
nErrors = 0
nWarns = 0
sEndTime = 2010-03-26 19:11:01

[Build00000004]
sStartTime = 2010-03-26 19:12:01
sCompileUser = Administrator
nErrors = 0
nWarns = 0
sEndTime = 2010-03-26 19:12:02

[Build00000005]
sStartTime = 2010-03-26 19:12:36
sCompileUser = Administrator
nErrors = 0
nWarns = 0
sEndTime = 2010-03-26 19:12:36

[Build00000006]
sStartTime = 2010-03-26 19:13:28
sCompileUser = Administrator
nErrors = 0
nWarns = 0
sEndTime = 2010-03-26 19:13:28

[Build00000007]
sStartTime = 2010-03-26 19:14:29
sCompileUser = Administrator
nErrors = 0
nWarns = 0
sEndTime = 2010-03-26 19:14:30

[Build00000008]
sStartTime = 2010-03-26 19:14:42
sCompileUser = Administrator
nErrors = 0
nWarns = 0
sEndTime = 2010-03-26 19:14:43

[Build00000009]
sStartTime = 2010-03-26 19:15:28
sCompileUser = Administrator
nErrors = 0
nWarns = 0
sEndTime = 2010-03-26 19:15:28

[Build00000010]
sStartTime = 2010-03-26 19:16:18
sCompileUser = Administrator
nErrors = 0
nWarns = 0
sEndTime = 2010-03-26 19:16:18

[Build00000011]
sStartTime = 2010-03-26 19:17:16
sCompileUser = Administrator
nErrors = 0
nWarns = 0
sEndTime = 2010-03-26 19:17:16

[Build00000012]
sStartTime = 2010-03-26 19:18:25
sCompileUser = Administrator
nErrors = 0
nWarns = 0
sEndTime = 2010-03-26 19:18:25

[Build00000013]
sStartTime = 2010-03-26 19:19:20
sCompileUser = Administrator
nErrors = 1
nWarns = 0
sEndTime = 2010-03-26 19:19:20

[Build00000014]
sStartTime = 2010-03-26 19:19:28
sCompileUser = Administrator
nErrors = 1
nWarns = 0
sEndTime = 2010-03-26 19:19:28

[Build00000015]
sStartTime = 2010-03-26 19:19:34
sCompileUser = Administrator
nErrors = 0
nWarns = 0
sEndTime = 2010-03-26 19:19:34

[Build00000016]
sStartTime = 2010-03-26 19:20:01
sCompileUser = Administrator
nErrors = 0
nWarns = 0
sEndTime = 2010-03-26 19:20:01

[Build00000017]
sStartTime = 2010-03-26 19:20:35
sCompileUser = Administrator
nErrors = 0
nWarns = 0
sEndTime = 2010-03-26 19:20:35

[Build00000018]
sStartTime = 2010-03-26 19:20:46
sCompileUser = Administrator
nErrors = 0
nWarns = 0
sEndTime = 2010-03-26 19:20:46
