//本日志文件由 "Tabbar Add-in(1.16.2517) For Visual C++ 6.0" 创建
//项目文件:E:\codes\mfc\tianze\chapter3_2\Rar\Rar.dsp
//如果文件增长的很大请删除除本节之外的其他信息

[MAIN]
nBuildNumber = 24

[Build00000001]
sStartTime = 2010-04-03 14:04:46
sCompileUser = Administrator
nErrors = 2
nWarns = 0
sEndTime = 2010-04-03 14:04:47

[Build00000002]
sStartTime = 2010-04-03 14:05:05
sCompileUser = Administrator
nErrors = 0
nWarns = 0
sEndTime = 2010-04-03 14:05:06

[Build00000003]
sStartTime = 2010-04-03 14:06:15
sCompileUser = Administrator
nErrors = 0
nWarns = 0
sEndTime = 2010-04-03 14:06:15

[Build00000004]
sStartTime = 2010-04-03 14:07:15
sCompileUser = Administrator
nErrors = 0
nWarns = 0
sEndTime = 2010-04-03 14:07:15

[Build00000005]
sStartTime = 2010-04-03 14:07:24
sCompileUser = Administrator
nErrors = 0
nWarns = 0
sEndTime = 2010-04-03 14:07:24

[Build00000006]
sStartTime = 2010-04-03 14:17:32
sCompileUser = Administrator
nErrors = 2
nWarns = 0
sEndTime = 2010-04-03 14:17:32

[Build00000007]
sStartTime = 2010-04-03 14:17:45
sCompileUser = Administrator
nErrors = 0
nWarns = 0
sEndTime = 2010-04-03 14:17:45

[Build00000008]
sStartTime = 2010-04-03 14:22:28
sCompileUser = Administrator
nErrors = 0
nWarns = 0
sEndTime = 2010-04-03 14:22:28

[Build00000009]
sStartTime = 2010-04-03 14:23:27
sCompileUser = Administrator
nErrors = 0
nWarns = 0
sEndTime = 2010-04-03 14:23:27

[Build00000010]
sStartTime = 2010-04-03 14:24:58
sCompileUser = Administrator
nErrors = 0
nWarns = 0
sEndTime = 2010-04-03 14:24:58

[Build00000011]
sStartTime = 2010-04-03 14:27:56
sCompileUser = Administrator
nErrors = 0
nWarns = 0
sEndTime = 2010-04-03 14:27:56

[Build00000012]
sStartTime = 2010-04-03 14:28:56
sCompileUser = Administrator
nErrors = 0
nWarns = 0
sEndTime = 2010-04-03 14:28:57

[Build00000013]
sStartTime = 2010-04-03 14:30:44
sCompileUser = Administrator
nErrors = 0
nWarns = 0
sEndTime = 2010-04-03 14:30:44

[Build00000014]
sStartTime = 2010-04-03 14:32:41
sCompileUser = Administrator
nErrors = 2
nWarns = 0
sEndTime = 2010-04-03 14:32:41

[Build00000015]
sStartTime = 2010-04-03 14:32:50
sCompileUser = Administrator
nErrors = 0
nWarns = 0
sEndTime = 2010-04-03 14:32:50

[Build00000016]
sStartTime = 2010-04-03 14:44:52
sCompileUser = Administrator
nErrors = 1
nWarns = 0
sEndTime = 2010-04-03 14:44:52

[Build00000017]
sStartTime = 2010-04-03 14:45:03
sCompileUser = Administrator
nErrors = 1
nWarns = 0
sEndTime = 2010-04-03 14:45:04

[Build00000018]
sStartTime = 2010-04-03 14:45:50
sCompileUser = Administrator
nErrors = 1
nWarns = 1
sEndTime = 2010-04-03 14:45:50

[Build00000019]
sStartTime = 2010-04-03 14:47:02
sCompileUser = Administrator
nErrors = 0
nWarns = 0
sEndTime = 2010-04-03 14:47:02

[Build00000020]
sStartTime = 2010-04-03 14:48:21
sCompileUser = Administrator
nErrors = 0
nWarns = 0
sEndTime = 2010-04-03 14:48:21

[Build00000021]
sStartTime = 2010-04-03 14:48:48
sCompileUser = Administrator
nErrors = 0
nWarns = 0
sEndTime = 2010-04-03 14:48:48

[Build00000022]
sStartTime = 2010-04-03 14:49:48
sCompileUser = Administrator
nErrors = 0
nWarns = 0
sEndTime = 2010-04-03 14:49:48

[Build00000023]
sStartTime = 2010-04-03 14:50:24
sCompileUser = Administrator
nErrors = 0
nWarns = 0
sEndTime = 2010-04-03 14:50:24

[Build00000024]
sStartTime = 2010-04-03 14:55:07
sCompileUser = Administrator
nErrors = 0
nWarns = 0
sEndTime = 2010-04-03 14:55:08
