//本日志文件由 "Tabbar Add-in(1.16.2517) For Visual C++ 6.0" 创建
//项目文件:E:\CODES\MFC\TIANZE\CHARPTER1_1\Single\Single.dsp
//如果文件增长的很大请删除除本节之外的其他信息

[MAIN]
nBuildNumber = 6

[Build00000001]
sStartTime = 2010-03-26 18:45:33
sCompileUser = Administrator
nErrors = 1
nWarns = 1
sEndTime = 2010-03-26 18:45:36

[Build00000002]
sStartTime = 2010-03-26 18:45:51
sCompileUser = Administrator
nErrors = 0
nWarns = 0
sEndTime = 2010-03-26 18:45:53

[Build00000003]
sStartTime = 2010-03-27 09:43:35
sCompileUser = Administrator
nErrors = 0
nWarns = 0
sEndTime = 2010-03-27 09:43:36

[Build00000004]
sStartTime = 2010-03-27 09:43:57
sCompileUser = Administrator
nErrors = 0
nWarns = 0
sEndTime = 2010-03-27 09:43:57

[Build00000005]
sStartTime = 2010-03-27 09:44:24
sCompileUser = Administrator
nErrors = 0
nWarns = 0
sEndTime = 2010-03-27 09:44:24

[Build00000006]
sStartTime = 2010-03-27 10:31:30
sCompileUser = Administrator
nErrors = 0
nWarns = 0
sEndTime = 2010-03-27 10:31:31
