//本日志文件由 "Tabbar Add-in(1.16.2517) For Visual C++ 6.0" 创建
//项目文件:E:\codes\mfc\tianze\chapter3_2\Exit\Exit.dsp
//如果文件增长的很大请删除除本节之外的其他信息

[MAIN]
nBuildNumber = 15

[Build00000001]
sStartTime = 2010-04-03 15:47:05
sCompileUser = Administrator
nErrors = 0
nWarns = 0
sEndTime = 2010-04-03 15:47:05

[Build00000002]
sStartTime = 2010-04-03 15:48:29
sCompileUser = Administrator
nErrors = 0
nWarns = 0
sEndTime = 2010-04-03 15:48:29

[Build00000003]
sStartTime = 2010-04-03 15:50:02
sCompileUser = Administrator
nErrors = 0
nWarns = 0
sEndTime = 2010-04-03 15:50:02

[Build00000004]
sStartTime = 2010-04-03 15:57:27
sCompileUser = Administrator
nErrors = 1
nWarns = 0
sEndTime = 2010-04-03 15:57:27

[Build00000005]
sStartTime = 2010-04-03 15:58:03
sCompileUser = Administrator
nErrors = 0
nWarns = 0
sEndTime = 2010-04-03 15:58:03

[Build00000006]
sStartTime = 2010-04-03 16:00:22
sCompileUser = Administrator
nErrors = 2
nWarns = 0
sEndTime = 2010-04-03 16:00:22

[Build00000007]
sStartTime = 2010-04-03 16:00:33
sCompileUser = Administrator
nErrors = 1
nWarns = 0
sEndTime = 2010-04-03 16:00:33

[Build00000008]
sStartTime = 2010-04-03 16:00:56
sCompileUser = Administrator
nErrors = 0
nWarns = 0
sEndTime = 2010-04-03 16:00:57

[Build00000009]
sStartTime = 2010-04-03 16:04:16
sCompileUser = Administrator
nErrors = 1
nWarns = 0
sEndTime = 2010-04-03 16:04:16

[Build00000010]
sStartTime = 2010-04-03 16:04:26
sCompileUser = Administrator
nErrors = 2
nWarns = 0
sEndTime = 2010-04-03 16:04:26

[Build00000011]
sStartTime = 2010-04-03 16:04:53
sCompileUser = Administrator
nErrors = 2
nWarns = 0
sEndTime = 2010-04-03 16:04:53

[Build00000012]
sStartTime = 2010-04-03 16:05:22
sCompileUser = Administrator
nErrors = 0
nWarns = 0
sEndTime = 2010-04-03 16:05:22

[Build00000013]
sStartTime = 2010-04-03 16:06:03
sCompileUser = Administrator
nErrors = 0
nWarns = 0
sEndTime = 2010-04-03 16:06:03

[Build00000014]
sStartTime = 2010-04-03 16:08:28
sCompileUser = Administrator
nErrors = 0
nWarns = 0
sEndTime = 2010-04-03 16:08:28

[Build00000015]
sStartTime = 2010-04-03 16:08:44
sCompileUser = Administrator
nErrors = 0
nWarns = 0
sEndTime = 2010-04-03 16:08:44
